17:00:03,997 INFO  [org.jboss.modules] JBoss Modules version 1.1.1.GA
17:00:04,106 INFO  [org.jboss.msc] JBoss MSC version 1.0.2.GA
17:00:04,137 INFO  [org.jboss.as] JBAS015899: JBoss AS 7.1.1.Final "Brontes" starting
17:00:04,137 DEBUG [org.jboss.as.config] Configured system properties:
	awt.toolkit = sun.awt.windows.WToolkit
	file.encoding = Cp1252
	file.encoding.pkg = sun.io
	file.separator = \
	java.awt.graphicsenv = sun.awt.Win32GraphicsEnvironment
	java.awt.printerjob = sun.awt.windows.WPrinterJob
	java.class.path = C:\WebOrdering\jboss-as-7.1.1.Final\jboss-modules.jar
	java.class.version = 51.0
	java.endorsed.dirs = C:\Program Files\Java\jdk1.7.0_13\jre\lib\endorsed
	java.ext.dirs = C:\Program Files\Java\jdk1.7.0_13\jre\lib\ext;C:\Windows\Sun\Java\lib\ext
	java.home = C:\Program Files\Java\jdk1.7.0_13\jre
	java.io.tmpdir = C:\Users\Darex\AppData\Local\Temp\
	java.library.path = C:\Program Files\Java\jdk1.7.0_13\bin;C:\Windows\Sun\Java\bin;C:\Windows\system32;C:\Windows;C:\Program Files\Git\bin;C:\WebOrdering\instantclient_10_2;c:\Program Files (x86)\Intel\iCLS Client\;c:\Program Files\Intel\iCLS Client\;C:\Windows\system32;C:\Windows;C:\Windows\System32\Wbem;C:\Windows\System32\WindowsPowerShell\v1.0\;c:\Program Files (x86)\Common Files\Roxio Shared\DLLShared\;c:\Program Files (x86)\Common Files\Roxio Shared\10.0\DLLShared\;C:\Program Files\Intel\Intel(R) Management Engine Components\DAL;C:\Program Files\Intel\Intel(R) Management Engine Components\IPT;C:\Program Files (x86)\Intel\Intel(R) Management Engine Components\DAL;C:\Program Files (x86)\Intel\Intel(R) Management Engine Components\IPT;C:\apache-maven-3.0.5-bin\apache-maven-3.0.5\bin;C:\Program Files\TortoiseSVN\bin;.
	java.net.preferIPv4Stack = true
	java.runtime.name = Java(TM) SE Runtime Environment
	java.runtime.version = 1.7.0_13-b20
	java.specification.name = Java Platform API Specification
	java.specification.vendor = Oracle Corporation
	java.specification.version = 1.7
	java.util.logging.manager = org.jboss.logmanager.LogManager
	java.vendor = Oracle Corporation
	java.vendor.url = http://java.oracle.com/
	java.vendor.url.bug = http://bugreport.sun.com/bugreport/
	java.version = 1.7.0_13
	java.vm.info = mixed mode
	java.vm.name = Java HotSpot(TM) 64-Bit Server VM
	java.vm.specification.name = Java Virtual Machine Specification
	java.vm.specification.vendor = Oracle Corporation
	java.vm.specification.version = 1.7
	java.vm.vendor = Oracle Corporation
	java.vm.version = 23.7-b01
	javax.management.builder.initial = org.jboss.as.jmx.PluggableMBeanServerBuilder
	javax.xml.datatype.DatatypeFactory = __redirected.__DatatypeFactory
	javax.xml.parsers.DocumentBuilderFactory = __redirected.__DocumentBuilderFactory
	javax.xml.parsers.SAXParserFactory = __redirected.__SAXParserFactory
	javax.xml.stream.XMLEventFactory = __redirected.__XMLEventFactory
	javax.xml.stream.XMLInputFactory = __redirected.__XMLInputFactory
	javax.xml.stream.XMLOutputFactory = __redirected.__XMLOutputFactory
	javax.xml.transform.TransformerFactory = __redirected.__TransformerFactory
	javax.xml.validation.SchemaFactory:http://www.w3.org/2001/XMLSchema = __redirected.__SchemaFactory
	javax.xml.xpath.XPathFactory:http://java.sun.com/jaxp/xpath/dom = __redirected.__XPathFactory
	jboss.home.dir = C:\WebOrdering\jboss-as-7.1.1.Final
	jboss.host.name = webserver01
	jboss.modules.dir = C:\WebOrdering\jboss-as-7.1.1.Final\modules
	jboss.modules.system.pkgs = org.jboss.byteman
	jboss.node.name = webserver01
	jboss.qualified.host.name = webserver01
	jboss.server.base.dir = C:\WebOrdering\jboss-as-7.1.1.Final\standalone
	jboss.server.config.dir = C:\WebOrdering\jboss-as-7.1.1.Final\standalone\configuration
	jboss.server.data.dir = C:\WebOrdering\jboss-as-7.1.1.Final\standalone\data
	jboss.server.default.config = standalone.xml
	jboss.server.deploy.dir = C:\WebOrdering\jboss-as-7.1.1.Final\standalone\data\content
	jboss.server.log.dir = C:\WebOrdering\jboss-as-7.1.1.Final\standalone\log
	jboss.server.name = webserver01
	jboss.server.temp.dir = C:\WebOrdering\jboss-as-7.1.1.Final\standalone\tmp
	line.separator = 

	logging.configuration = file:C:\WebOrdering\jboss-as-7.1.1.Final\standalone/configuration/logging.properties
	module.path = C:\WebOrdering\jboss-as-7.1.1.Final\modules
	org.jboss.boot.log.file = C:\WebOrdering\jboss-as-7.1.1.Final\standalone\log\boot.log
	org.jboss.resolver.warning = true
	org.xml.sax.driver = __redirected.__XMLReaderFactory
	os.arch = amd64
	os.name = Windows 7
	os.version = 6.1
	path.separator = ;
	program.name = standalone.bat
	sun.arch.data.model = 64
	sun.boot.class.path = C:\Program Files\Java\jdk1.7.0_13\jre\lib\resources.jar;C:\Program Files\Java\jdk1.7.0_13\jre\lib\rt.jar;C:\Program Files\Java\jdk1.7.0_13\jre\lib\sunrsasign.jar;C:\Program Files\Java\jdk1.7.0_13\jre\lib\jsse.jar;C:\Program Files\Java\jdk1.7.0_13\jre\lib\jce.jar;C:\Program Files\Java\jdk1.7.0_13\jre\lib\charsets.jar;C:\Program Files\Java\jdk1.7.0_13\jre\lib\jfr.jar;C:\Program Files\Java\jdk1.7.0_13\jre\classes
	sun.boot.library.path = C:\Program Files\Java\jdk1.7.0_13\jre\bin
	sun.cpu.endian = little
	sun.cpu.isalist = amd64
	sun.desktop = windows
	sun.io.unicode.encoding = UnicodeLittle
	sun.java.command = C:\WebOrdering\jboss-as-7.1.1.Final\jboss-modules.jar -mp C:\WebOrdering\jboss-as-7.1.1.Final\modules -jaxpmodule javax.xml.jaxp-provider org.jboss.as.standalone -Djboss.home.dir=C:\WebOrdering\jboss-as-7.1.1.Final
	sun.java.launcher = SUN_STANDARD
	sun.jnu.encoding = Cp1252
	sun.management.compiler = HotSpot 64-Bit Tiered Compilers
	sun.os.patch.level = Service Pack 1
	sun.rmi.dgc.client.gcInterval = 3600000
	sun.rmi.dgc.server.gcInterval = 3600000
	user.country = US
	user.dir = C:\WebOrdering\jboss-as-7.1.1.Final\bin
	user.home = C:\Users\Darex
	user.language = en
	user.name = Darex
	user.script = 
	user.timezone = Europe/Prague
	user.variant = 
17:00:04,153 DEBUG [org.jboss.as.config] VM Arguments: -XX:+TieredCompilation -Dprogram.name=standalone.bat -Xms256M -Xmx1024M -XX:MaxPermSize=512M -Dsun.rmi.dgc.client.gcInterval=3600000 -Dsun.rmi.dgc.server.gcInterval=3600000 -Djava.net.preferIPv4Stack=true -Dorg.jboss.resolver.warning=true -Djboss.modules.system.pkgs=org.jboss.byteman -Djboss.server.default.config=standalone.xml -Dorg.jboss.boot.log.file=C:\WebOrdering\jboss-as-7.1.1.Final\standalone\log\boot.log -Dlogging.configuration=file:C:\WebOrdering\jboss-as-7.1.1.Final\standalone/configuration/logging.properties 
17:00:04,621 ERROR [org.jboss.as.controller.management-operation] Operation ("add") failed - address: ([("deployment" => "ojdbc6.jar")]) - failure description: "JBAS018717: No deployment content with hash de96f0060c7353532f4cb4a0b73d20545580fc91 is available in the deployment content repository for deployment 'ojdbc6.jar'. This is a fatal boot error. To correct the problem, either restart with the --admin-only switch set and use the CLI to install the missing content or remove it from the configuration, or remove the deployment from the xml configuraiton file and restart.."
17:00:04,636 FATAL [org.jboss.as.server] JBAS015957: Server boot has failed in an unrecoverable manner; exiting. See previous messages for details.
17:00:04,636 INFO  [org.jboss.as] JBAS015950: JBoss AS 7.1.1.Final "Brontes" stopped in 4ms
